
> hds-delivery-admin-backend@1.0.0 start
> node server.js

🔄 Loading regions-store.js...
🚀 HDS Delivery Admin Backend running on port 3001
📚 API: http://localhost:3001/api
🔧 Running database migrations...
  Creating regions table...
    ✅ regions table ready
  Creating suburbs table...
    ✅ suburbs table ready
  Creating delivery_schedules table...
    ✅ delivery_schedules table ready
  Creating blackout_dates table...
    ✅ blackout_dates table ready
  Creating subscription_hds_mapping table...
    ✅ subscription_hds_mapping table ready
  Creating subscription_changes_log table...
    ✅ subscription_changes_log table ready
  Creating subscription_auto_charges table...
    ✅ subscription_auto_charges table ready
✅ All migrations completed successfully
🌱 Seeding initial data...
✅ Seed data complete
✅ Database connected
⏰ HDS sync scheduled: Daily at 2:00 AM
⏰ HDS sync scheduled (daily at 2 AM)
⏰ HDS suburbs sync scheduled: Daily at 3:00 AM AEST
⏰ HDS suburbs sync scheduled (daily at 3 AM)
📍 Suburbs store ready: 6942 suburbs
